VERBOSE: [000:000][1003154] (src/main.cpp:44): hello word
VERBOSE: [000:000][1003603] (src/main.cpp:44): hello word
VERBOSE: [000:000][1004496] (src/main.cpp:44): hello word
VERBOSE: [000:000][1004826] (src/main.cpp:44): hello word
VERBOSE: [000:000][1005442] (src/main.cpp:44): hello word
VERBOSE: [000:000][1006071] (src/main.cpp:44): hello word
VERBOSE: [000:000][1613365] (src/main.cpp:44): hello word
INFO: [000:000][1894497] (src/server/signaling_server.cpp:118): signaling server start up .
INFO: [000:000][1894763] (src/server/signaling_server.cpp:118): signaling server start up .
INFO: [000:000][2772054] (src/server/signaling_server.cpp:118): signaling server start up .
INFO: [000:001][3130576] (src/server/signaling_server.cpp:165): signaling server start up .
INFO: [000:000][3131064] (src/server/signaling_server.cpp:173): create signaling worker . worker id :  0
INFO: [000:000][3131064] (src/server/signaling_server.cpp:173): create signaling worker . worker id :  1
INFO: [000:000][3131066] (src/server/signaling_server.cpp:165): signaling server start up .
INFO: [000:000][3131781] (src/server/signaling_server.cpp:173): create signaling worker . worker id :  0
INFO: [000:000][3131781] (src/server/signaling_server.cpp:173): create signaling worker . worker id :  1
INFO: [000:000][3131783] (src/server/signaling_server.cpp:165): signaling server start up .
INFO: [000:000][3133712] (src/server/signaling_server.cpp:173): create signaling worker . worker id :  0
INFO: [000:000][3134557] (src/server/signaling_server.cpp:173): create signaling worker . worker id :  0
INFO: [000:000][3134959] (src/server/signaling_server.cpp:173): create signaling worker . worker id :  0
INFO: [000:001][3134959] (src/server/signaling_server.cpp:173): create signaling worker . worker id :  1
INFO: [000:001][3134963] (src/server/signaling_server.cpp:165): signaling server start up .
INFO: [000:001][3134961] (src/server/signaling_worker.cpp:43): signaling worker thread start up. 
INFO: [000:001][3134962] (src/server/signaling_worker.cpp:43): signaling worker thread start up. 
INFO: [000:000][3135734] (src/server/signaling_server.cpp:173): create signaling worker . worker id :  0
INFO: [000:000][3135734] (src/server/signaling_server.cpp:173): create signaling worker . worker id :  1
INFO: [000:000][3135736] (src/server/signaling_worker.cpp:43): signaling worker thread start up. 
INFO: [000:000][3135737] (src/server/signaling_worker.cpp:43): signaling worker thread start up. 
INFO: [000:000][3135738] (src/server/signaling_server.cpp:165): signaling server start up .
INFO: [000:000][3136409] (src/server/signaling_server.cpp:173): create signaling worker . worker id :  0
INFO: [000:000][3136409] (src/server/signaling_server.cpp:173): create signaling worker . worker id :  1
INFO: [000:000][3136411] (src/server/signaling_worker.cpp:43): signaling worker thread event loop start up. 
INFO: [000:000][3136412] (src/server/signaling_worker.cpp:43): signaling worker thread event loop start up. 
INFO: [000:000][3136413] (src/server/signaling_server.cpp:165): signaling server event loop run.
INFO: [002:188][3136409] (src/main.cpp:46): receive signal: 2
INFO: [256:314][3136409] (src/main.cpp:46): receive signal: 2
INFO: [256:631][3136409] (src/main.cpp:46): receive signal: 2
INFO: [256:812][3136409] (src/main.cpp:46): receive signal: 2
INFO: [256:998][3136409] (src/main.cpp:46): receive signal: 2
INFO: [257:188][3136409] (src/main.cpp:46): receive signal: 2
INFO: [257:330][3136409] (src/main.cpp:46): receive signal: 2
INFO: [257:512][3136409] (src/main.cpp:46): receive signal: 2
INFO: [000:000][3137286] (src/server/signaling_server.cpp:173): create signaling worker . worker id :  0
INFO: [000:001][3137286] (src/server/signaling_server.cpp:173): create signaling worker . worker id :  1
INFO: [000:001][3137288] (src/server/signaling_worker.cpp:43): signaling worker thread event loop start up. 
INFO: [000:001][3137289] (src/server/signaling_worker.cpp:43): signaling worker thread event loop start up. 
INFO: [000:001][3137290] (src/server/signaling_server.cpp:165): signaling server event loop run.
INFO: [003:475][3137286] (src/main.cpp:46): receive signal: 2
INFO: [003:475][3137290] (src/server/signaling_server.cpp:135): signaling server stop.
INFO: [000:000][3137532] (src/server/signaling_server.cpp:173): create signaling worker . worker id :  0
INFO: [000:000][3137532] (src/server/signaling_server.cpp:173): create signaling worker . worker id :  1
INFO: [000:000][3137534] (src/server/signaling_worker.cpp:43): signaling worker thread event loop start up. 
INFO: [000:000][3137535] (src/server/signaling_worker.cpp:43): signaling worker thread event loop start up. 
INFO: [000:000][3137536] (src/server/signaling_server.cpp:165): signaling server event loop run.
INFO: [003:905][3137532] (src/main.cpp:46): receive signal: 2
INFO: [003:905][3137536] (src/server/signaling_server.cpp:135): signaling server stop.
INFO: [000:000][3139035] (src/server/signaling_server.cpp:173): create signaling worker . worker id :  0
INFO: [000:000][3139035] (src/server/signaling_server.cpp:173): create signaling worker . worker id :  1
INFO: [000:000][3139037] (src/server/signaling_worker.cpp:43): signaling worker thread event loop start up. 
INFO: [000:000][3139038] (src/server/signaling_worker.cpp:43): signaling worker thread event loop start up. 
INFO: [000:000][3139039] (src/server/signaling_server.cpp:165): signaling server event loop run.
INFO: [002:145][3139035] (src/main.cpp:46): receive signal: 2
INFO: [002:145][3139039] (src/server/signaling_server.cpp:135): signaling server stop.
INFO: [033:905][3139035] (src/main.cpp:46): receive signal: 2
INFO: [000:000][3139573] (src/server/signaling_server.cpp:173): create signaling worker . worker id :  0
INFO: [000:001][3139573] (src/server/signaling_server.cpp:173): create signaling worker . worker id :  1
INFO: [000:001][3139578] (src/server/signaling_worker.cpp:43): signaling worker thread event loop start up. 
INFO: [000:001][3139579] (src/server/signaling_worker.cpp:43): signaling worker thread event loop start up. 
INFO: [000:001][3139580] (src/server/signaling_server.cpp:165): signaling server event loop run.
INFO: [000:000][3140744] (src/server/signaling_server.cpp:173): create signaling worker . worker id :  0
INFO: [000:001][3140744] (src/server/signaling_server.cpp:173): create signaling worker . worker id :  1
INFO: [000:001][3140754] (src/server/signaling_worker.cpp:43): signaling worker thread event loop start up. 
INFO: [000:002][3140755] (src/server/signaling_worker.cpp:43): signaling worker thread event loop start up. 
INFO: [000:003][3140756] (src/server/signaling_server.cpp:165): signaling server event loop run.
INFO: [000:000][3141509] (src/server/signaling_server.cpp:173): create signaling worker . worker id :  0
INFO: [000:000][3141509] (src/server/signaling_server.cpp:173): create signaling worker . worker id :  1
INFO: [000:000][3141511] (src/server/signaling_worker.cpp:43): signaling worker thread event loop start up. 
INFO: [000:001][3141512] (src/server/signaling_worker.cpp:43): signaling worker thread event loop start up. 
INFO: [000:001][3141513] (src/server/signaling_server.cpp:165): signaling server event loop run.
INFO: [001:241][3141509] (src/main.cpp:46): receive signal: 2
INFO: [001:241][3141513] (src/server/signaling_server.cpp:135): signaling server stop.
INFO: [001:429][3141509] (src/main.cpp:46): receive signal: 2
INFO: [000:000][3141668] (src/server/signaling_server.cpp:175): create signaling worker . worker id :  0
INFO: [000:001][3141668] (src/server/signaling_server.cpp:175): create signaling worker . worker id :  1
INFO: [000:001][3141670] (src/server/signaling_worker.cpp:43): signaling worker thread event loop start up. 
INFO: [000:001][3141671] (src/server/signaling_worker.cpp:43): signaling worker thread event loop start up. 
INFO: [000:001][3141672] (src/server/signaling_server.cpp:167): signaling server event loop run.
INFO: [002:189][3141668] (src/main.cpp:46): receive signal: 2
INFO: [002:189][3141672] (src/server/signaling_server.cpp:135): signaling server stop.
INFO: [002:189][3141672] (src/server/signaling_server.cpp:138): signaling worker stoping. 
INFO: [000:000][3142157] (src/server/signaling_server.cpp:175): create signaling worker . worker id :  0
INFO: [000:000][3142157] (src/server/signaling_server.cpp:175): create signaling worker . worker id :  1
INFO: [000:000][3142161] (src/server/signaling_server.cpp:167): signaling server event loop run.
INFO: [000:000][3142160] (src/server/signaling_worker.cpp:43): signaling worker thread event loop start up. 
INFO: [000:000][3142159] (src/server/signaling_worker.cpp:43): signaling worker thread event loop start up. 
INFO: [015:341][3142157] (src/main.cpp:46): receive signal: 2
INFO: [015:342][3142161] (src/server/signaling_server.cpp:135): signaling server stop.
INFO: [015:342][3142161] (src/server/signaling_server.cpp:138): signaling worker stoping. 
INFO: [043:988][3142157] (src/main.cpp:46): receive signal: 2
INFO: [000:000][3142621] (src/server/signaling_server.cpp:175): create signaling worker . worker id :  0
INFO: [000:000][3142621] (src/server/signaling_server.cpp:175): create signaling worker . worker id :  1
INFO: [000:000][3142623] (src/server/signaling_worker.cpp:43): signaling worker thread event loop start up. 
INFO: [000:000][3142624] (src/server/signaling_worker.cpp:43): signaling worker thread event loop start up. 
INFO: [000:000][3142625] (src/server/signaling_server.cpp:167): signaling server event loop run.
INFO: [003:604][3142621] (src/main.cpp:46): receive signal: 2
INFO: [003:604][3142625] (src/server/signaling_server.cpp:135): signaling server stop.
INFO: [003:604][3142625] (src/server/signaling_server.cpp:138): signaling worker stoping. 
INFO: [000:000][3143061] (src/server/signaling_server.cpp:175): create signaling worker . worker id :  0
INFO: [000:000][3143061] (src/server/signaling_server.cpp:175): create signaling worker . worker id :  1
INFO: [000:001][3143063] (src/server/signaling_worker.cpp:43): signaling worker thread event loop start up. 
INFO: [000:001][3143064] (src/server/signaling_worker.cpp:43): signaling worker thread event loop start up. 
INFO: [000:001][3143065] (src/server/signaling_server.cpp:167): signaling server event loop run.
INFO: [002:100][3143061] (src/main.cpp:46): receive signal: 2
INFO: [002:100][3143065] (src/server/signaling_server.cpp:135): signaling server stop.
INFO: [002:100][3143065] (src/server/signaling_server.cpp:138): signaling worker stoping. 
INFO: [034:661][3143061] (src/main.cpp:46): receive signal: 2
INFO: [000:000][3143403] (src/server/signaling_server.cpp:175): create signaling worker . worker id :  0
INFO: [000:000][3143403] (src/server/signaling_server.cpp:175): create signaling worker . worker id :  1
INFO: [000:000][3143405] (src/server/signaling_worker.cpp:42): signaling worker thread event loop start up. 
INFO: [000:000][3143406] (src/server/signaling_worker.cpp:42): signaling worker thread event loop start up. 
INFO: [000:000][3143407] (src/server/signaling_server.cpp:167): signaling server event loop run.
INFO: [000:000][3144057] (src/server/signaling_server.cpp:174): create signaling worker . worker id :  0
INFO: [000:000][3144057] (src/server/signaling_server.cpp:174): create signaling worker . worker id :  1
INFO: [000:000][3144059] (src/server/signaling_worker.cpp:42): signaling worker thread event loop start up. 
INFO: [000:000][3144060] (src/server/signaling_worker.cpp:42): signaling worker thread event loop start up. 
INFO: [000:000][3144061] (src/server/signaling_server.cpp:166): signaling server event loop run.
INFO: [000:000][3168353] (src/server/signaling_server.cpp:174): create signaling worker . worker id :  0
INFO: [000:000][3168353] (src/server/signaling_server.cpp:174): create signaling worker . worker id :  1
INFO: [000:000][3168356] (src/server/signaling_worker.cpp:42): signaling worker thread event loop start up. 
INFO: [000:000][3168355] (src/server/signaling_worker.cpp:42): signaling worker thread event loop start up. 
INFO: [000:000][3168357] (src/server/signaling_server.cpp:166): signaling server event loop run.
INFO: [523:517][3168357] (src/server/signaling_server.cpp:30): accept new connection. fd: 15 host: 127.0.0.1 port: 34824
INFO: [523:517][3168355] (src/server/signaling_worker.cpp:51): process notify : 1
INFO: [523:517][3168355] (src/server/signaling_worker.cpp:70): conn fd: 15
INFO: [586:329][3168357] (src/server/signaling_server.cpp:30): accept new connection. fd: 16 host: 127.0.0.1 port: 36568
INFO: [586:329][3168356] (src/server/signaling_worker.cpp:51): process notify : 1
INFO: [586:329][3168356] (src/server/signaling_worker.cpp:70): conn fd: 16
INFO: [000:000][3172146] (src/server/signaling_server.cpp:174): create signaling worker . worker id :  0
INFO: [000:000][3172146] (src/server/signaling_server.cpp:174): create signaling worker . worker id :  1
INFO: [000:000][3172148] (src/server/signaling_worker.cpp:42): signaling worker thread event loop start up. 
INFO: [000:000][3172149] (src/server/signaling_worker.cpp:42): signaling worker thread event loop start up. 
INFO: [000:000][3172150] (src/server/signaling_server.cpp:166): signaling server event loop run.
INFO: [014:155][3172150] (src/server/signaling_server.cpp:30): accept new connection. fd: 15 host: 127.0.0.1 port: 34472
INFO: [014:155][3172148] (src/server/signaling_worker.cpp:51): process notify : 1
INFO: [014:155][3172148] (src/server/signaling_worker.cpp:70): conn fd: 15
INFO: [023:140][3172150] (src/server/signaling_server.cpp:30): accept new connection. fd: 16 host: 127.0.0.1 port: 34576
INFO: [023:140][3172149] (src/server/signaling_worker.cpp:51): process notify : 1
INFO: [023:140][3172149] (src/server/signaling_worker.cpp:70): conn fd: 16
INFO: [023:913][3172150] (src/server/signaling_server.cpp:30): accept new connection. fd: 17 host: 127.0.0.1 port: 34584
INFO: [023:913][3172148] (src/server/signaling_worker.cpp:51): process notify : 1
INFO: [023:913][3172148] (src/server/signaling_worker.cpp:70): conn fd: 17
INFO: [024:627][3172150] (src/server/signaling_server.cpp:30): accept new connection. fd: 18 host: 127.0.0.1 port: 49876
INFO: [024:627][3172149] (src/server/signaling_worker.cpp:51): process notify : 1
INFO: [024:627][3172149] (src/server/signaling_worker.cpp:70): conn fd: 18
INFO: [031:968][3172150] (src/server/signaling_server.cpp:30): accept new connection. fd: 24 host: 127.0.0.1 port: 49892
INFO: [031:968][3172148] (src/server/signaling_worker.cpp:51): process notify : 1
INFO: [031:968][3172148] (src/server/signaling_worker.cpp:70): conn fd: 24
INFO: [032:875][3172150] (src/server/signaling_server.cpp:30): accept new connection. fd: 25 host: 127.0.0.1 port: 49900
INFO: [032:875][3172149] (src/server/signaling_worker.cpp:51): process notify : 1
INFO: [032:875][3172149] (src/server/signaling_worker.cpp:70): conn fd: 25
INFO: [033:561][3172150] (src/server/signaling_server.cpp:30): accept new connection. fd: 26 host: 127.0.0.1 port: 49906
INFO: [033:561][3172148] (src/server/signaling_worker.cpp:51): process notify : 1
INFO: [033:561][3172148] (src/server/signaling_worker.cpp:70): conn fd: 26
INFO: [034:123][3172150] (src/server/signaling_server.cpp:30): accept new connection. fd: 27 host: 127.0.0.1 port: 49916
INFO: [034:123][3172149] (src/server/signaling_worker.cpp:51): process notify : 1
INFO: [034:123][3172149] (src/server/signaling_worker.cpp:70): conn fd: 27
INFO: [034:411][3172150] (src/server/signaling_server.cpp:30): accept new connection. fd: 28 host: 127.0.0.1 port: 46458
INFO: [034:411][3172148] (src/server/signaling_worker.cpp:51): process notify : 1
INFO: [034:411][3172148] (src/server/signaling_worker.cpp:70): conn fd: 28
INFO: [034:681][3172150] (src/server/signaling_server.cpp:30): accept new connection. fd: 29 host: 127.0.0.1 port: 46474
INFO: [034:681][3172149] (src/server/signaling_worker.cpp:51): process notify : 1
INFO: [034:681][3172149] (src/server/signaling_worker.cpp:70): conn fd: 29
INFO: [034:893][3172150] (src/server/signaling_server.cpp:30): accept new connection. fd: 30 host: 127.0.0.1 port: 46478
INFO: [034:893][3172148] (src/server/signaling_worker.cpp:51): process notify : 1
INFO: [034:893][3172148] (src/server/signaling_worker.cpp:70): conn fd: 30
INFO: [035:087][3172150] (src/server/signaling_server.cpp:30): accept new connection. fd: 31 host: 127.0.0.1 port: 46494
INFO: [035:087][3172149] (src/server/signaling_worker.cpp:51): process notify : 1
INFO: [035:087][3172149] (src/server/signaling_worker.cpp:70): conn fd: 31
INFO: [035:280][3172150] (src/server/signaling_server.cpp:30): accept new connection. fd: 32 host: 127.0.0.1 port: 46508
INFO: [035:280][3172148] (src/server/signaling_worker.cpp:51): process notify : 1
INFO: [035:280][3172148] (src/server/signaling_worker.cpp:70): conn fd: 32
INFO: [035:471][3172150] (src/server/signaling_server.cpp:30): accept new connection. fd: 33 host: 127.0.0.1 port: 46512
INFO: [035:471][3172149] (src/server/signaling_worker.cpp:51): process notify : 1
INFO: [035:471][3172149] (src/server/signaling_worker.cpp:70): conn fd: 33
INFO: [035:669][3172150] (src/server/signaling_server.cpp:30): accept new connection. fd: 34 host: 127.0.0.1 port: 46528
INFO: [035:669][3172148] (src/server/signaling_worker.cpp:51): process notify : 1
INFO: [035:669][3172148] (src/server/signaling_worker.cpp:70): conn fd: 34
INFO: [035:860][3172150] (src/server/signaling_server.cpp:30): accept new connection. fd: 35 host: 127.0.0.1 port: 46540
INFO: [035:860][3172149] (src/server/signaling_worker.cpp:51): process notify : 1
INFO: [035:860][3172149] (src/server/signaling_worker.cpp:70): conn fd: 35
INFO: [036:048][3172150] (src/server/signaling_server.cpp:30): accept new connection. fd: 36 host: 127.0.0.1 port: 46554
INFO: [036:048][3172148] (src/server/signaling_worker.cpp:51): process notify : 1
INFO: [036:048][3172148] (src/server/signaling_worker.cpp:70): conn fd: 36
INFO: [036:230][3172150] (src/server/signaling_server.cpp:30): accept new connection. fd: 37 host: 127.0.0.1 port: 46556
INFO: [036:231][3172149] (src/server/signaling_worker.cpp:51): process notify : 1
INFO: [036:231][3172149] (src/server/signaling_worker.cpp:70): conn fd: 37
INFO: [036:419][3172150] (src/server/signaling_server.cpp:30): accept new connection. fd: 38 host: 127.0.0.1 port: 46558
INFO: [036:419][3172148] (src/server/signaling_worker.cpp:51): process notify : 1
INFO: [036:419][3172148] (src/server/signaling_worker.cpp:70): conn fd: 38
INFO: [036:613][3172150] (src/server/signaling_server.cpp:30): accept new connection. fd: 39 host: 127.0.0.1 port: 46570
INFO: [036:613][3172149] (src/server/signaling_worker.cpp:51): process notify : 1
INFO: [036:613][3172149] (src/server/signaling_worker.cpp:70): conn fd: 39
INFO: [036:814][3172150] (src/server/signaling_server.cpp:30): accept new connection. fd: 40 host: 127.0.0.1 port: 46582
INFO: [036:814][3172148] (src/server/signaling_worker.cpp:51): process notify : 1
INFO: [036:814][3172148] (src/server/signaling_worker.cpp:70): conn fd: 40
INFO: [037:020][3172150] (src/server/signaling_server.cpp:30): accept new connection. fd: 41 host: 127.0.0.1 port: 46588
INFO: [037:020][3172149] (src/server/signaling_worker.cpp:51): process notify : 1
INFO: [037:020][3172149] (src/server/signaling_worker.cpp:70): conn fd: 41
INFO: [037:228][3172150] (src/server/signaling_server.cpp:30): accept new connection. fd: 42 host: 127.0.0.1 port: 46600
INFO: [037:228][3172148] (src/server/signaling_worker.cpp:51): process notify : 1
INFO: [037:228][3172148] (src/server/signaling_worker.cpp:70): conn fd: 42
INFO: [037:475][3172150] (src/server/signaling_server.cpp:30): accept new connection. fd: 43 host: 127.0.0.1 port: 46610
INFO: [037:475][3172149] (src/server/signaling_worker.cpp:51): process notify : 1
INFO: [037:475][3172149] (src/server/signaling_worker.cpp:70): conn fd: 43
INFO: [037:676][3172150] (src/server/signaling_server.cpp:30): accept new connection. fd: 44 host: 127.0.0.1 port: 46626
INFO: [037:676][3172148] (src/server/signaling_worker.cpp:51): process notify : 1
INFO: [037:676][3172148] (src/server/signaling_worker.cpp:70): conn fd: 44
INFO: [037:896][3172150] (src/server/signaling_server.cpp:30): accept new connection. fd: 45 host: 127.0.0.1 port: 46642
INFO: [037:896][3172149] (src/server/signaling_worker.cpp:51): process notify : 1
INFO: [037:896][3172149] (src/server/signaling_worker.cpp:70): conn fd: 45
INFO: [038:112][3172150] (src/server/signaling_server.cpp:30): accept new connection. fd: 46 host: 127.0.0.1 port: 46650
INFO: [038:112][3172148] (src/server/signaling_worker.cpp:51): process notify : 1
INFO: [038:112][3172148] (src/server/signaling_worker.cpp:70): conn fd: 46
INFO: [038:333][3172150] (src/server/signaling_server.cpp:30): accept new connection. fd: 47 host: 127.0.0.1 port: 46660
INFO: [038:333][3172149] (src/server/signaling_worker.cpp:51): process notify : 1
INFO: [038:333][3172149] (src/server/signaling_worker.cpp:70): conn fd: 47
INFO: [038:544][3172150] (src/server/signaling_server.cpp:30): accept new connection. fd: 48 host: 127.0.0.1 port: 46666
INFO: [038:544][3172148] (src/server/signaling_worker.cpp:51): process notify : 1
INFO: [038:544][3172148] (src/server/signaling_worker.cpp:70): conn fd: 48
INFO: [038:753][3172150] (src/server/signaling_server.cpp:30): accept new connection. fd: 49 host: 127.0.0.1 port: 46682
INFO: [038:753][3172149] (src/server/signaling_worker.cpp:51): process notify : 1
INFO: [038:753][3172149] (src/server/signaling_worker.cpp:70): conn fd: 49
INFO: [038:958][3172150] (src/server/signaling_server.cpp:30): accept new connection. fd: 50 host: 127.0.0.1 port: 46688
INFO: [038:959][3172148] (src/server/signaling_worker.cpp:51): process notify : 1
INFO: [038:959][3172148] (src/server/signaling_worker.cpp:70): conn fd: 50
INFO: [039:156][3172150] (src/server/signaling_server.cpp:30): accept new connection. fd: 51 host: 127.0.0.1 port: 46694
INFO: [039:156][3172149] (src/server/signaling_worker.cpp:51): process notify : 1
INFO: [039:156][3172149] (src/server/signaling_worker.cpp:70): conn fd: 51
INFO: [039:334][3172150] (src/server/signaling_server.cpp:30): accept new connection. fd: 52 host: 127.0.0.1 port: 46708
INFO: [039:334][3172148] (src/server/signaling_worker.cpp:51): process notify : 1
INFO: [039:334][3172148] (src/server/signaling_worker.cpp:70): conn fd: 52
INFO: [039:552][3172150] (src/server/signaling_server.cpp:30): accept new connection. fd: 53 host: 127.0.0.1 port: 46720
INFO: [039:552][3172149] (src/server/signaling_worker.cpp:51): process notify : 1
INFO: [039:552][3172149] (src/server/signaling_worker.cpp:70): conn fd: 53
INFO: [039:759][3172150] (src/server/signaling_server.cpp:30): accept new connection. fd: 54 host: 127.0.0.1 port: 46732
INFO: [039:759][3172148] (src/server/signaling_worker.cpp:51): process notify : 1
INFO: [039:759][3172148] (src/server/signaling_worker.cpp:70): conn fd: 54
INFO: [039:960][3172150] (src/server/signaling_server.cpp:30): accept new connection. fd: 55 host: 127.0.0.1 port: 46744
INFO: [039:960][3172149] (src/server/signaling_worker.cpp:51): process notify : 1
INFO: [039:960][3172149] (src/server/signaling_worker.cpp:70): conn fd: 55
INFO: [040:138][3172150] (src/server/signaling_server.cpp:30): accept new connection. fd: 56 host: 127.0.0.1 port: 46754
INFO: [040:138][3172148] (src/server/signaling_worker.cpp:51): process notify : 1
INFO: [040:138][3172148] (src/server/signaling_worker.cpp:70): conn fd: 56
INFO: [040:352][3172150] (src/server/signaling_server.cpp:30): accept new connection. fd: 57 host: 127.0.0.1 port: 46758
INFO: [040:352][3172149] (src/server/signaling_worker.cpp:51): process notify : 1
INFO: [040:352][3172149] (src/server/signaling_worker.cpp:70): conn fd: 57
INFO: [040:559][3172150] (src/server/signaling_server.cpp:30): accept new connection. fd: 58 host: 127.0.0.1 port: 46764
INFO: [040:559][3172148] (src/server/signaling_worker.cpp:51): process notify : 1
INFO: [040:559][3172148] (src/server/signaling_worker.cpp:70): conn fd: 58
INFO: [040:767][3172150] (src/server/signaling_server.cpp:30): accept new connection. fd: 59 host: 127.0.0.1 port: 46768
INFO: [040:767][3172149] (src/server/signaling_worker.cpp:51): process notify : 1
INFO: [040:767][3172149] (src/server/signaling_worker.cpp:70): conn fd: 59
INFO: [040:970][3172150] (src/server/signaling_server.cpp:30): accept new connection. fd: 60 host: 127.0.0.1 port: 46774
INFO: [040:970][3172148] (src/server/signaling_worker.cpp:51): process notify : 1
INFO: [040:970][3172148] (src/server/signaling_worker.cpp:70): conn fd: 60
INFO: [041:146][3172150] (src/server/signaling_server.cpp:30): accept new connection. fd: 61 host: 127.0.0.1 port: 46790
INFO: [041:146][3172149] (src/server/signaling_worker.cpp:51): process notify : 1
INFO: [041:146][3172149] (src/server/signaling_worker.cpp:70): conn fd: 61
INFO: [041:371][3172150] (src/server/signaling_server.cpp:30): accept new connection. fd: 62 host: 127.0.0.1 port: 46796
INFO: [041:371][3172148] (src/server/signaling_worker.cpp:51): process notify : 1
INFO: [041:371][3172148] (src/server/signaling_worker.cpp:70): conn fd: 62
INFO: [041:566][3172150] (src/server/signaling_server.cpp:30): accept new connection. fd: 63 host: 127.0.0.1 port: 46798
INFO: [041:566][3172149] (src/server/signaling_worker.cpp:51): process notify : 1
INFO: [041:566][3172149] (src/server/signaling_worker.cpp:70): conn fd: 63
INFO: [041:763][3172150] (src/server/signaling_server.cpp:30): accept new connection. fd: 64 host: 127.0.0.1 port: 46810
INFO: [041:764][3172148] (src/server/signaling_worker.cpp:51): process notify : 1
INFO: [041:764][3172148] (src/server/signaling_worker.cpp:70): conn fd: 64
INFO: [041:965][3172150] (src/server/signaling_server.cpp:30): accept new connection. fd: 65 host: 127.0.0.1 port: 46826
INFO: [041:966][3172149] (src/server/signaling_worker.cpp:51): process notify : 1
INFO: [041:966][3172149] (src/server/signaling_worker.cpp:70): conn fd: 65
INFO: [042:169][3172150] (src/server/signaling_server.cpp:30): accept new connection. fd: 66 host: 127.0.0.1 port: 46832
INFO: [042:169][3172148] (src/server/signaling_worker.cpp:51): process notify : 1
INFO: [042:169][3172148] (src/server/signaling_worker.cpp:70): conn fd: 66
INFO: [042:358][3172150] (src/server/signaling_server.cpp:30): accept new connection. fd: 67 host: 127.0.0.1 port: 46846
INFO: [042:358][3172149] (src/server/signaling_worker.cpp:51): process notify : 1
INFO: [042:358][3172149] (src/server/signaling_worker.cpp:70): conn fd: 67
INFO: [042:563][3172150] (src/server/signaling_server.cpp:30): accept new connection. fd: 68 host: 127.0.0.1 port: 46856
INFO: [042:563][3172148] (src/server/signaling_worker.cpp:51): process notify : 1
INFO: [042:563][3172148] (src/server/signaling_worker.cpp:70): conn fd: 68
INFO: [042:750][3172150] (src/server/signaling_server.cpp:30): accept new connection. fd: 69 host: 127.0.0.1 port: 46868
INFO: [042:750][3172149] (src/server/signaling_worker.cpp:51): process notify : 1
INFO: [042:750][3172149] (src/server/signaling_worker.cpp:70): conn fd: 69
INFO: [042:941][3172150] (src/server/signaling_server.cpp:30): accept new connection. fd: 70 host: 127.0.0.1 port: 46880
INFO: [042:941][3172148] (src/server/signaling_worker.cpp:51): process notify : 1
INFO: [042:941][3172148] (src/server/signaling_worker.cpp:70): conn fd: 70
INFO: [043:140][3172150] (src/server/signaling_server.cpp:30): accept new connection. fd: 71 host: 127.0.0.1 port: 46886
INFO: [043:140][3172149] (src/server/signaling_worker.cpp:51): process notify : 1
INFO: [043:140][3172149] (src/server/signaling_worker.cpp:70): conn fd: 71
INFO: [043:345][3172150] (src/server/signaling_server.cpp:30): accept new connection. fd: 72 host: 127.0.0.1 port: 46896
INFO: [043:345][3172148] (src/server/signaling_worker.cpp:51): process notify : 1
INFO: [043:345][3172148] (src/server/signaling_worker.cpp:70): conn fd: 72
INFO: [043:515][3172150] (src/server/signaling_server.cpp:30): accept new connection. fd: 73 host: 127.0.0.1 port: 46904
INFO: [043:515][3172149] (src/server/signaling_worker.cpp:51): process notify : 1
INFO: [043:515][3172149] (src/server/signaling_worker.cpp:70): conn fd: 73
INFO: [043:720][3172150] (src/server/signaling_server.cpp:30): accept new connection. fd: 74 host: 127.0.0.1 port: 46910
INFO: [043:721][3172148] (src/server/signaling_worker.cpp:51): process notify : 1
INFO: [043:721][3172148] (src/server/signaling_worker.cpp:70): conn fd: 74
INFO: [043:911][3172150] (src/server/signaling_server.cpp:30): accept new connection. fd: 75 host: 127.0.0.1 port: 46914
INFO: [043:911][3172149] (src/server/signaling_worker.cpp:51): process notify : 1
INFO: [043:911][3172149] (src/server/signaling_worker.cpp:70): conn fd: 75
INFO: [044:095][3172150] (src/server/signaling_server.cpp:30): accept new connection. fd: 76 host: 127.0.0.1 port: 46922
INFO: [044:095][3172148] (src/server/signaling_worker.cpp:51): process notify : 1
INFO: [044:095][3172148] (src/server/signaling_worker.cpp:70): conn fd: 76
INFO: [044:278][3172150] (src/server/signaling_server.cpp:30): accept new connection. fd: 77 host: 127.0.0.1 port: 46098
INFO: [044:278][3172149] (src/server/signaling_worker.cpp:51): process notify : 1
INFO: [044:278][3172149] (src/server/signaling_worker.cpp:70): conn fd: 77
INFO: [044:478][3172150] (src/server/signaling_server.cpp:30): accept new connection. fd: 78 host: 127.0.0.1 port: 46108
INFO: [044:478][3172148] (src/server/signaling_worker.cpp:51): process notify : 1
INFO: [044:478][3172148] (src/server/signaling_worker.cpp:70): conn fd: 78
INFO: [044:707][3172150] (src/server/signaling_server.cpp:30): accept new connection. fd: 79 host: 127.0.0.1 port: 46116
INFO: [044:708][3172149] (src/server/signaling_worker.cpp:51): process notify : 1
INFO: [044:708][3172149] (src/server/signaling_worker.cpp:70): conn fd: 79
INFO: [044:896][3172150] (src/server/signaling_server.cpp:30): accept new connection. fd: 80 host: 127.0.0.1 port: 46118
INFO: [044:896][3172148] (src/server/signaling_worker.cpp:51): process notify : 1
INFO: [044:896][3172148] (src/server/signaling_worker.cpp:70): conn fd: 80
INFO: [045:118][3172150] (src/server/signaling_server.cpp:30): accept new connection. fd: 81 host: 127.0.0.1 port: 46122
INFO: [045:118][3172149] (src/server/signaling_worker.cpp:51): process notify : 1
INFO: [045:118][3172149] (src/server/signaling_worker.cpp:70): conn fd: 81
